2025-03-12 00:38:02.844 +05:30 [INF] Now listening on: https://localhost:7265
2025-03-12 00:38:02.887 +05:30 [INF] Now listening on: http://localhost:5149
2025-03-12 00:38:03.035 +05:30 [INF] Application started. Press Ctrl+C to shut down.
2025-03-12 00:38:03.037 +05:30 [INF] Hosting environment: Development
2025-03-12 00:38:03.038 +05:30 [INF] Content root path: C:\Tejashri\Sprint\Backend\CropDealBackend\CropDealBackend
2025-03-12 00:38:04.266 +05:30 [INF] Request starting HTTP/2 GET https://localhost:7265/swagger/index.html - null null
2025-03-12 00:38:04.742 +05:30 [INF] Request finished HTTP/2 GET https://localhost:7265/swagger/index.html - 200 null text/html;charset=utf-8 485.088ms
2025-03-12 00:38:04.764 +05:30 [INF] Request starting HTTP/2 GET https://localhost:7265/_vs/browserLink - null null
2025-03-12 00:38:04.764 +05:30 [INF] Request starting HTTP/2 GET https://localhost:7265/_framework/aspnetcore-browser-refresh.js - null null
2025-03-12 00:38:04.785 +05:30 [INF] Request finished HTTP/2 GET https://localhost:7265/_framework/aspnetcore-browser-refresh.js - 200 13766 application/javascript; charset=utf-8 21.8367ms
2025-03-12 00:38:04.845 +05:30 [INF] Request finished HTTP/2 GET https://localhost:7265/_vs/browserLink - 200 null text/javascript; charset=UTF-8 81.6692ms
2025-03-12 00:38:04.895 +05:30 [INF] Request starting HTTP/2 GET https://localhost:7265/swagger/v1/swagger.json - null null
2025-03-12 00:38:05.028 +05:30 [INF] Request finished HTTP/2 GET https://localhost:7265/swagger/v1/swagger.json - 200 null application/json;charset=utf-8 133.4642ms
2025-03-12 07:25:39.624 +05:30 [INF] Now listening on: https://localhost:7265
2025-03-12 07:25:39.680 +05:30 [INF] Now listening on: http://localhost:5149
2025-03-12 07:25:39.860 +05:30 [INF] Application started. Press Ctrl+C to shut down.
2025-03-12 07:25:39.862 +05:30 [INF] Hosting environment: Development
2025-03-12 07:25:39.863 +05:30 [INF] Content root path: C:\Tejashri\Sprint\Backend\CropDealBackend\CropDealBackend
2025-03-12 07:25:41.867 +05:30 [INF] Request starting HTTP/2 GET https://localhost:7265/swagger/index.html - null null
2025-03-12 07:25:42.526 +05:30 [INF] Request finished HTTP/2 GET https://localhost:7265/swagger/index.html - 200 null text/html;charset=utf-8 669.3038ms
2025-03-12 07:25:42.715 +05:30 [INF] Request starting HTTP/2 GET https://localhost:7265/_vs/browserLink - null null
2025-03-12 07:25:42.715 +05:30 [INF] Request starting HTTP/2 GET https://localhost:7265/_framework/aspnetcore-browser-refresh.js - null null
2025-03-12 07:25:42.735 +05:30 [INF] Request finished HTTP/2 GET https://localhost:7265/_framework/aspnetcore-browser-refresh.js - 200 13766 application/javascript; charset=utf-8 19.6966ms
2025-03-12 07:25:42.896 +05:30 [INF] Request finished HTTP/2 GET https://localhost:7265/_vs/browserLink - 200 null text/javascript; charset=UTF-8 181.776ms
2025-03-12 07:25:43.086 +05:30 [INF] Request starting HTTP/2 GET https://localhost:7265/swagger/v1/swagger.json - null null
2025-03-12 07:25:43.274 +05:30 [INF] Request finished HTTP/2 GET https://localhost:7265/swagger/v1/swagger.json - 200 null application/json;charset=utf-8 188.4594ms
2025-03-12 07:27:46.992 +05:30 [INF] Now listening on: https://localhost:7265
2025-03-12 07:27:47.040 +05:30 [INF] Now listening on: http://localhost:5149
2025-03-12 07:27:47.225 +05:30 [INF] Application started. Press Ctrl+C to shut down.
2025-03-12 07:27:47.227 +05:30 [INF] Hosting environment: Development
2025-03-12 07:27:47.228 +05:30 [INF] Content root path: C:\Tejashri\Sprint\Backend\CropDealBackend\CropDealBackend
2025-03-12 07:27:47.668 +05:30 [INF] Request starting HTTP/2 GET https://localhost:7265/swagger/index.html - null null
2025-03-12 07:27:47.972 +05:30 [INF] Request finished HTTP/2 GET https://localhost:7265/swagger/index.html - 200 null text/html;charset=utf-8 315.6712ms
2025-03-12 07:27:47.982 +05:30 [INF] Request starting HTTP/2 GET https://localhost:7265/_framework/aspnetcore-browser-refresh.js - null null
2025-03-12 07:27:47.982 +05:30 [INF] Request starting HTTP/2 GET https://localhost:7265/_vs/browserLink - null null
2025-03-12 07:27:47.996 +05:30 [INF] Request finished HTTP/2 GET https://localhost:7265/_framework/aspnetcore-browser-refresh.js - 200 13766 application/javascript; charset=utf-8 13.6055ms
2025-03-12 07:27:48.080 +05:30 [INF] Request finished HTTP/2 GET https://localhost:7265/_vs/browserLink - 200 null text/javascript; charset=UTF-8 97.9598ms
2025-03-12 07:27:48.143 +05:30 [INF] Request starting HTTP/2 GET https://localhost:7265/swagger/v1/swagger.json - null null
2025-03-12 07:27:48.331 +05:30 [INF] Request finished HTTP/2 GET https://localhost:7265/swagger/v1/swagger.json - 200 null application/json;charset=utf-8 188.1005ms
2025-03-12 07:36:08.569 +05:30 [INF] Request starting HTTP/2 GET https://localhost:7265/api/notifications/16 - null null
2025-03-12 07:36:08.608 +05:30 [INF] Executing endpoint 'NotificationController.GetNotifications (CropDealBackend)'
2025-03-12 07:36:08.637 +05:30 [INF] Route matched with {action = "GetNotifications", controller = "Notification"}. Executing controller action with signature System.Threading.Tasks.Task`1[Microsoft.AspNetCore.Mvc.IActionResult] GetNotifications(Int32) on controller NotificationController (CropDealBackend).
2025-03-12 07:36:08.644 +05:30 [INF] Executed action NotificationController.GetNotifications (CropDealBackend) in 1.7076ms
2025-03-12 07:36:08.646 +05:30 [INF] Executed endpoint 'NotificationController.GetNotifications (CropDealBackend)'
2025-03-12 07:36:08.650 +05:30 [ERR] An unhandled exception has occurred while executing the request.
System.InvalidOperationException: Unable to resolve service for type 'NotificationRepository' while attempting to activate 'NotificationController'.
   at Microsoft.Extensions.DependencyInjection.ActivatorUtilities.ThrowHelperUnableToResolveService(Type type, Type requiredBy)
   at lambda_method9(Closure, IServiceProvider, Object[])
   at Microsoft.AspNetCore.Mvc.Controllers.ControllerFactoryProvider.<>c__DisplayClass6_0.<CreateControllerFactory>g__CreateController|0(ControllerContext controllerContext)
   at Microsoft.AspNetCore.Mvc.Infrastructure.ControllerActionInvoker.Next(State& next, Scope& scope, Object& state, Boolean& isCompleted)
   at Microsoft.AspNetCore.Mvc.Infrastructure.ControllerActionInvoker.InvokeInnerFilterAsync()
--- End of stack trace from previous location ---
   at Microsoft.AspNetCore.Mvc.Infrastructure.ResourceInvoker.<InvokeFilterPipelineAsync>g__Awaited|20_0(ResourceInvoker invoker, Task lastTask, State next, Scope scope, Object state, Boolean isCompleted)
   at Microsoft.AspNetCore.Mvc.Infrastructure.ResourceInvoker.<InvokeAsync>g__Logged|17_1(ResourceInvoker invoker)
   at Microsoft.AspNetCore.Mvc.Infrastructure.ResourceInvoker.<InvokeAsync>g__Logged|17_1(ResourceInvoker invoker)
   at Microsoft.AspNetCore.Routing.EndpointMiddleware.<Invoke>g__AwaitRequestTask|7_0(Endpoint endpoint, Task requestTask, ILogger logger)
   at Microsoft.AspNetCore.Authorization.AuthorizationMiddleware.Invoke(HttpContext context)
   at Swashbuckle.AspNetCore.SwaggerUI.SwaggerUIMiddleware.Invoke(HttpContext httpContext)
   at Swashbuckle.AspNetCore.Swagger.SwaggerMiddleware.Invoke(HttpContext httpContext, ISwaggerProvider swaggerProvider)
   at Microsoft.AspNetCore.Authentication.AuthenticationMiddleware.Invoke(HttpContext context)
   at Microsoft.AspNetCore.Diagnostics.DeveloperExceptionPageMiddlewareImpl.Invoke(HttpContext context)
2025-03-12 07:36:08.702 +05:30 [INF] Request finished HTTP/2 GET https://localhost:7265/api/notifications/16 - 500 null text/plain; charset=utf-8 138.0865ms
2025-03-12 07:37:10.596 +05:30 [INF] Now listening on: https://localhost:7265
2025-03-12 07:37:10.651 +05:30 [INF] Now listening on: http://localhost:5149
2025-03-12 07:37:10.815 +05:30 [INF] Application started. Press Ctrl+C to shut down.
2025-03-12 07:37:10.817 +05:30 [INF] Hosting environment: Development
2025-03-12 07:37:10.819 +05:30 [INF] Content root path: C:\Tejashri\Sprint\Backend\CropDealBackend\CropDealBackend
2025-03-12 07:37:11.844 +05:30 [INF] Request starting HTTP/2 GET https://localhost:7265/swagger/index.html - null null
2025-03-12 07:37:12.500 +05:30 [INF] Request finished HTTP/2 GET https://localhost:7265/swagger/index.html - 200 null text/html;charset=utf-8 670.3891ms
2025-03-12 07:37:12.560 +05:30 [INF] Request starting HTTP/2 GET https://localhost:7265/_framework/aspnetcore-browser-refresh.js - null null
2025-03-12 07:37:12.572 +05:30 [INF] Request finished HTTP/2 GET https://localhost:7265/_framework/aspnetcore-browser-refresh.js - 200 13766 application/javascript; charset=utf-8 12.2527ms
2025-03-12 07:37:12.613 +05:30 [INF] Request starting HTTP/2 GET https://localhost:7265/_vs/browserLink - null null
2025-03-12 07:37:12.686 +05:30 [INF] Request finished HTTP/2 GET https://localhost:7265/_vs/browserLink - 200 null text/javascript; charset=UTF-8 73.1943ms
2025-03-12 07:37:13.011 +05:30 [INF] Request starting HTTP/2 GET https://localhost:7265/swagger/v1/swagger.json - null null
2025-03-12 07:37:13.145 +05:30 [INF] Request finished HTTP/2 GET https://localhost:7265/swagger/v1/swagger.json - 200 null application/json;charset=utf-8 134.4659ms
2025-03-12 07:37:30.319 +05:30 [INF] Request starting HTTP/2 GET https://localhost:7265/api/notifications/16 - null null
2025-03-12 07:37:30.330 +05:30 [INF] Executing endpoint 'NotificationController.GetNotifications (CropDealBackend)'
2025-03-12 07:37:30.355 +05:30 [INF] Route matched with {action = "GetNotifications", controller = "Notification"}. Executing controller action with signature System.Threading.Tasks.Task`1[Microsoft.AspNetCore.Mvc.IActionResult] GetNotifications(Int32) on controller NotificationController (CropDealBackend).
2025-03-12 07:37:32.146 +05:30 [INF] Executed DbCommand (56ms) [Parameters=[@__dealerId_0='?' (DbType = Int32)], CommandType='"Text"', CommandTimeout='30']
SELECT [n].[Id], [n].[CreatedAt], [n].[CropId], [n].[DealerId], [n].[IsRead], [n].[Message]
FROM [Notifications] AS [n]
WHERE [n].[DealerId] = @__dealerId_0 AND [n].[IsRead] = CAST(0 AS bit)
ORDER BY [n].[CreatedAt] DESC
2025-03-12 07:37:32.196 +05:30 [INF] Executing OkObjectResult, writing value of type 'System.Collections.Generic.List`1[[CropDealBackend.Models.Notification, CropDealBackend, Version=1.0.0.0, Culture=neutral, PublicKeyToken=null]]'.
2025-03-12 07:37:32.270 +05:30 [INF] Executed action NotificationController.GetNotifications (CropDealBackend) in 1904.5958ms
2025-03-12 07:37:32.277 +05:30 [INF] Executed endpoint 'NotificationController.GetNotifications (CropDealBackend)'
2025-03-12 07:37:32.313 +05:30 [INF] Request finished HTTP/2 GET https://localhost:7265/api/notifications/16 - 200 null application/json; charset=utf-8 1997.7929ms
2025-03-12 07:40:31.875 +05:30 [INF] Now listening on: https://localhost:7265
2025-03-12 07:40:31.961 +05:30 [INF] Now listening on: http://localhost:5149
2025-03-12 07:40:32.125 +05:30 [INF] Application started. Press Ctrl+C to shut down.
2025-03-12 07:40:32.128 +05:30 [INF] Hosting environment: Development
2025-03-12 07:40:32.129 +05:30 [INF] Content root path: C:\Tejashri\Sprint\Backend\CropDealBackend\CropDealBackend
2025-03-12 07:40:32.566 +05:30 [INF] Request starting HTTP/2 GET https://localhost:7265/swagger/index.html - null null
2025-03-12 07:40:32.856 +05:30 [INF] Request finished HTTP/2 GET https://localhost:7265/swagger/index.html - 200 null text/html;charset=utf-8 302.9423ms
2025-03-12 07:40:32.881 +05:30 [INF] Request starting HTTP/2 GET https://localhost:7265/_vs/browserLink - null null
2025-03-12 07:40:32.881 +05:30 [INF] Request starting HTTP/2 GET https://localhost:7265/_framework/aspnetcore-browser-refresh.js - null null
2025-03-12 07:40:32.922 +05:30 [INF] Request finished HTTP/2 GET https://localhost:7265/_framework/aspnetcore-browser-refresh.js - 200 13766 application/javascript; charset=utf-8 43.9341ms
2025-03-12 07:40:32.992 +05:30 [INF] Request finished HTTP/2 GET https://localhost:7265/_vs/browserLink - 200 null text/javascript; charset=UTF-8 111.5239ms
2025-03-12 07:40:33.048 +05:30 [INF] Request starting HTTP/2 GET https://localhost:7265/swagger/v1/swagger.json - null null
2025-03-12 07:40:33.166 +05:30 [INF] Request finished HTTP/2 GET https://localhost:7265/swagger/v1/swagger.json - 200 null application/json;charset=utf-8 119.0485ms
