2025-03-11 17:30:15.766 +05:30 [INF] Now listening on: https://localhost:7265
2025-03-11 17:30:15.830 +05:30 [INF] Now listening on: http://localhost:5149
2025-03-11 17:30:16.029 +05:30 [INF] Application started. Press Ctrl+C to shut down.
2025-03-11 17:30:16.033 +05:30 [INF] Hosting environment: Development
2025-03-11 17:30:16.035 +05:30 [INF] Content root path: C:\Tejashri\Sprint\Backend\CropDealBackend\CropDealBackend
2025-03-11 17:30:17.433 +05:30 [INF] Request starting HTTP/2 GET https://localhost:7265/swagger/index.html - null null
2025-03-11 17:30:18.643 +05:30 [INF] Request finished HTTP/2 GET https://localhost:7265/swagger/index.html - 200 null text/html;charset=utf-8 1223.7131ms
2025-03-11 17:30:18.684 +05:30 [INF] Request starting HTTP/2 GET https://localhost:7265/_framework/aspnetcore-browser-refresh.js - null null
2025-03-11 17:30:18.708 +05:30 [INF] Request finished HTTP/2 GET https://localhost:7265/_framework/aspnetcore-browser-refresh.js - 200 13766 application/javascript; charset=utf-8 24.4772ms
2025-03-11 17:30:18.725 +05:30 [INF] Request starting HTTP/2 GET https://localhost:7265/_vs/browserLink - null null
2025-03-11 17:30:18.807 +05:30 [INF] Request finished HTTP/2 GET https://localhost:7265/_vs/browserLink - 200 null text/javascript; charset=UTF-8 82.3135ms
2025-03-11 17:30:18.966 +05:30 [INF] Request starting HTTP/2 GET https://localhost:7265/swagger/v1/swagger.json - null null
2025-03-11 17:30:19.153 +05:30 [INF] Request finished HTTP/2 GET https://localhost:7265/swagger/v1/swagger.json - 200 null application/json;charset=utf-8 187.7384ms
2025-03-11 23:38:16.407 +05:30 [INF] Now listening on: https://localhost:7265
2025-03-11 23:38:16.451 +05:30 [INF] Now listening on: http://localhost:5149
2025-03-11 23:38:16.581 +05:30 [INF] Application started. Press Ctrl+C to shut down.
2025-03-11 23:38:16.583 +05:30 [INF] Hosting environment: Development
2025-03-11 23:38:16.585 +05:30 [INF] Content root path: C:\Tejashri\Sprint\Backend\CropDealBackend\CropDealBackend
2025-03-11 23:38:17.948 +05:30 [INF] Request starting HTTP/2 GET https://localhost:7265/swagger/index.html - null null
2025-03-11 23:38:18.521 +05:30 [INF] Request finished HTTP/2 GET https://localhost:7265/swagger/index.html - 200 null text/html;charset=utf-8 588.5663ms
2025-03-11 23:38:18.531 +05:30 [INF] Request starting HTTP/2 GET https://localhost:7265/_vs/browserLink - null null
2025-03-11 23:38:18.531 +05:30 [INF] Request starting HTTP/2 GET https://localhost:7265/_framework/aspnetcore-browser-refresh.js - null null
2025-03-11 23:38:18.552 +05:30 [INF] Request finished HTTP/2 GET https://localhost:7265/_framework/aspnetcore-browser-refresh.js - 200 13766 application/javascript; charset=utf-8 21.5826ms
2025-03-11 23:38:18.646 +05:30 [INF] Request finished HTTP/2 GET https://localhost:7265/_vs/browserLink - 200 null text/javascript; charset=UTF-8 115.4112ms
2025-03-11 23:38:18.699 +05:30 [INF] Request starting HTTP/2 GET https://localhost:7265/swagger/v1/swagger.json - null null
2025-03-11 23:38:18.847 +05:30 [INF] Request finished HTTP/2 GET https://localhost:7265/swagger/v1/swagger.json - 200 null application/json;charset=utf-8 147.7089ms
2025-03-11 23:38:34.430 +05:30 [INF] Request starting HTTP/2 GET https://localhost:7265/api/notifications/12 - null null
2025-03-11 23:38:34.446 +05:30 [INF] Executing endpoint 'NotificationController.GetNotifications (CropDealBackend)'
2025-03-11 23:38:34.478 +05:30 [INF] Route matched with {action = "GetNotifications", controller = "Notification"}. Executing controller action with signature System.Threading.Tasks.Task`1[Microsoft.AspNetCore.Mvc.IActionResult] GetNotifications(Int32) on controller NotificationController (CropDealBackend).
2025-03-11 23:38:34.486 +05:30 [INF] Executed action NotificationController.GetNotifications (CropDealBackend) in 3.2843ms
2025-03-11 23:38:34.488 +05:30 [INF] Executed endpoint 'NotificationController.GetNotifications (CropDealBackend)'
2025-03-11 23:38:34.493 +05:30 [ERR] An unhandled exception has occurred while executing the request.
System.InvalidOperationException: Unable to resolve service for type 'NotificationService' while attempting to activate 'NotificationController'.
   at Microsoft.Extensions.DependencyInjection.ActivatorUtilities.ThrowHelperUnableToResolveService(Type type, Type requiredBy)
   at lambda_method9(Closure, IServiceProvider, Object[])
   at Microsoft.AspNetCore.Mvc.Controllers.ControllerFactoryProvider.<>c__DisplayClass6_0.<CreateControllerFactory>g__CreateController|0(ControllerContext controllerContext)
   at Microsoft.AspNetCore.Mvc.Infrastructure.ControllerActionInvoker.Next(State& next, Scope& scope, Object& state, Boolean& isCompleted)
   at Microsoft.AspNetCore.Mvc.Infrastructure.ControllerActionInvoker.InvokeInnerFilterAsync()
--- End of stack trace from previous location ---
   at Microsoft.AspNetCore.Mvc.Infrastructure.ResourceInvoker.<InvokeFilterPipelineAsync>g__Awaited|20_0(ResourceInvoker invoker, Task lastTask, State next, Scope scope, Object state, Boolean isCompleted)
   at Microsoft.AspNetCore.Mvc.Infrastructure.ResourceInvoker.<InvokeAsync>g__Logged|17_1(ResourceInvoker invoker)
   at Microsoft.AspNetCore.Mvc.Infrastructure.ResourceInvoker.<InvokeAsync>g__Logged|17_1(ResourceInvoker invoker)
   at Microsoft.AspNetCore.Routing.EndpointMiddleware.<Invoke>g__AwaitRequestTask|7_0(Endpoint endpoint, Task requestTask, ILogger logger)
   at Microsoft.AspNetCore.Authorization.AuthorizationMiddleware.Invoke(HttpContext context)
   at Swashbuckle.AspNetCore.SwaggerUI.SwaggerUIMiddleware.Invoke(HttpContext httpContext)
   at Swashbuckle.AspNetCore.Swagger.SwaggerMiddleware.Invoke(HttpContext httpContext, ISwaggerProvider swaggerProvider)
   at Microsoft.AspNetCore.Authentication.AuthenticationMiddleware.Invoke(HttpContext context)
   at Microsoft.AspNetCore.Diagnostics.DeveloperExceptionPageMiddlewareImpl.Invoke(HttpContext context)
2025-03-11 23:38:34.546 +05:30 [INF] Request finished HTTP/2 GET https://localhost:7265/api/notifications/12 - 500 null text/plain; charset=utf-8 116.8958ms
2025-03-11 23:43:17.232 +05:30 [INF] Now listening on: https://localhost:7265
2025-03-11 23:43:17.276 +05:30 [INF] Now listening on: http://localhost:5149
2025-03-11 23:43:17.442 +05:30 [INF] Application started. Press Ctrl+C to shut down.
2025-03-11 23:43:17.461 +05:30 [INF] Hosting environment: Development
2025-03-11 23:43:17.463 +05:30 [INF] Content root path: C:\Tejashri\Sprint\Backend\CropDealBackend\CropDealBackend
2025-03-11 23:43:18.269 +05:30 [INF] Request starting HTTP/2 GET https://localhost:7265/swagger/index.html - null null
2025-03-11 23:43:18.663 +05:30 [INF] Request finished HTTP/2 GET https://localhost:7265/swagger/index.html - 200 null text/html;charset=utf-8 406.4422ms
2025-03-11 23:43:18.678 +05:30 [INF] Request starting HTTP/2 GET https://localhost:7265/_framework/aspnetcore-browser-refresh.js - null null
2025-03-11 23:43:18.678 +05:30 [INF] Request starting HTTP/2 GET https://localhost:7265/_vs/browserLink - null null
2025-03-11 23:43:18.686 +05:30 [INF] Request finished HTTP/2 GET https://localhost:7265/_framework/aspnetcore-browser-refresh.js - 200 13766 application/javascript; charset=utf-8 8.4021ms
2025-03-11 23:43:18.753 +05:30 [INF] Request finished HTTP/2 GET https://localhost:7265/_vs/browserLink - 200 null text/javascript; charset=UTF-8 75.2512ms
2025-03-11 23:43:18.796 +05:30 [INF] Request starting HTTP/2 GET https://localhost:7265/swagger/v1/swagger.json - null null
2025-03-11 23:43:18.847 +05:30 [INF] Request finished HTTP/2 GET https://localhost:7265/swagger/v1/swagger.json - 200 null application/json;charset=utf-8 51.6594ms
