2025-03-13 10:53:42.427 +05:30 [INF] Now listening on: https://localhost:7265
2025-03-13 10:53:42.506 +05:30 [INF] Now listening on: http://localhost:5149
2025-03-13 10:53:42.681 +05:30 [INF] Application started. Press Ctrl+C to shut down.
2025-03-13 10:53:42.684 +05:30 [INF] Hosting environment: Development
2025-03-13 10:53:42.688 +05:30 [INF] Content root path: C:\Tejashri\Sprint\CropDeal\CropDealBackend\CropDealBackend
2025-03-13 10:53:43.767 +05:30 [INF] Request starting HTTP/2 GET https://localhost:7265/swagger/index.html - null null
2025-03-13 10:53:44.748 +05:30 [INF] Request finished HTTP/2 GET https://localhost:7265/swagger/index.html - 200 null text/html;charset=utf-8 1004.3546ms
2025-03-13 10:53:44.887 +05:30 [INF] Request starting HTTP/2 GET https://localhost:7265/_framework/aspnetcore-browser-refresh.js - null null
2025-03-13 10:53:44.922 +05:30 [INF] Request finished HTTP/2 GET https://localhost:7265/_framework/aspnetcore-browser-refresh.js - 200 13766 application/javascript; charset=utf-8 34.8064ms
2025-03-13 10:53:44.925 +05:30 [INF] Request starting HTTP/2 GET https://localhost:7265/_vs/browserLink - null null
2025-03-13 10:53:45.266 +05:30 [INF] Request finished HTTP/2 GET https://localhost:7265/_vs/browserLink - 200 null text/javascript; charset=UTF-8 340.8785ms
2025-03-13 10:53:45.639 +05:30 [INF] Request starting HTTP/2 GET https://localhost:7265/swagger/v1/swagger.json - null null
2025-03-13 10:53:46.041 +05:30 [INF] Request finished HTTP/2 GET https://localhost:7265/swagger/v1/swagger.json - 200 null application/json;charset=utf-8 401.9127ms
2025-03-13 11:08:04.587 +05:30 [INF] Now listening on: https://localhost:7265
2025-03-13 11:08:04.641 +05:30 [INF] Now listening on: http://localhost:5149
2025-03-13 11:08:04.815 +05:30 [INF] Application started. Press Ctrl+C to shut down.
2025-03-13 11:08:04.818 +05:30 [INF] Hosting environment: Development
2025-03-13 11:08:04.819 +05:30 [INF] Content root path: C:\Tejashri\Sprint\CropDeal\CropDealBackend\CropDealBackend
2025-03-13 11:08:05.392 +05:30 [INF] Request starting HTTP/2 GET https://localhost:7265/swagger/index.html - null null
2025-03-13 11:08:05.791 +05:30 [INF] Request finished HTTP/2 GET https://localhost:7265/swagger/index.html - 200 null text/html;charset=utf-8 413.1051ms
2025-03-13 11:08:05.815 +05:30 [INF] Request starting HTTP/2 GET https://localhost:7265/_framework/aspnetcore-browser-refresh.js - null null
2025-03-13 11:08:05.815 +05:30 [INF] Request starting HTTP/2 GET https://localhost:7265/_vs/browserLink - null null
2025-03-13 11:08:05.834 +05:30 [INF] Request finished HTTP/2 GET https://localhost:7265/_framework/aspnetcore-browser-refresh.js - 200 13766 application/javascript; charset=utf-8 18.4857ms
2025-03-13 11:08:05.898 +05:30 [INF] Request finished HTTP/2 GET https://localhost:7265/_vs/browserLink - 200 null text/javascript; charset=UTF-8 82.8229ms
2025-03-13 11:08:05.948 +05:30 [INF] Request starting HTTP/2 GET https://localhost:7265/swagger/v1/swagger.json - null null
2025-03-13 11:08:06.098 +05:30 [INF] Request finished HTTP/2 GET https://localhost:7265/swagger/v1/swagger.json - 200 null application/json;charset=utf-8 150.0692ms
2025-03-13 11:13:50.189 +05:30 [INF] Now listening on: https://localhost:7265
2025-03-13 11:13:50.239 +05:30 [INF] Now listening on: http://localhost:5149
2025-03-13 11:13:50.349 +05:30 [INF] Application started. Press Ctrl+C to shut down.
2025-03-13 11:13:50.352 +05:30 [INF] Hosting environment: Development
2025-03-13 11:13:50.353 +05:30 [INF] Content root path: C:\Tejashri\Sprint\CropDeal\CropDealBackend\CropDealBackend
2025-03-13 11:13:51.128 +05:30 [INF] Request starting HTTP/2 GET https://localhost:7265/swagger/index.html - null null
2025-03-13 11:13:51.478 +05:30 [INF] Request finished HTTP/2 GET https://localhost:7265/swagger/index.html - 200 null text/html;charset=utf-8 360.9993ms
2025-03-13 11:13:51.527 +05:30 [INF] Request starting HTTP/2 GET https://localhost:7265/_vs/browserLink - null null
2025-03-13 11:13:51.527 +05:30 [INF] Request starting HTTP/2 GET https://localhost:7265/_framework/aspnetcore-browser-refresh.js - null null
2025-03-13 11:13:51.542 +05:30 [INF] Request finished HTTP/2 GET https://localhost:7265/_framework/aspnetcore-browser-refresh.js - 200 13766 application/javascript; charset=utf-8 15.3261ms
2025-03-13 11:13:51.593 +05:30 [INF] Request finished HTTP/2 GET https://localhost:7265/_vs/browserLink - 200 null text/javascript; charset=UTF-8 66.4034ms
2025-03-13 11:13:51.855 +05:30 [INF] Request starting HTTP/2 GET https://localhost:7265/swagger/v1/swagger.json - null null
2025-03-13 11:13:51.946 +05:30 [INF] Request finished HTTP/2 GET https://localhost:7265/swagger/v1/swagger.json - 200 null application/json;charset=utf-8 90.9729ms
2025-03-13 11:42:36.042 +05:30 [INF] Now listening on: https://localhost:7265
2025-03-13 11:42:36.131 +05:30 [INF] Now listening on: http://localhost:5149
2025-03-13 11:42:36.287 +05:30 [INF] Application started. Press Ctrl+C to shut down.
2025-03-13 11:42:36.288 +05:30 [INF] Hosting environment: Development
2025-03-13 11:42:36.289 +05:30 [INF] Content root path: C:\Tejashri\Sprint\CropDeal\CropDealBackend\CropDealBackend
2025-03-13 11:42:36.889 +05:30 [INF] Request starting HTTP/2 GET https://localhost:7265/swagger/index.html - null null
2025-03-13 11:42:37.121 +05:30 [INF] Request finished HTTP/2 GET https://localhost:7265/swagger/index.html - 200 null text/html;charset=utf-8 239.9031ms
2025-03-13 11:42:37.139 +05:30 [INF] Request starting HTTP/2 GET https://localhost:7265/_vs/browserLink - null null
2025-03-13 11:42:37.139 +05:30 [INF] Request starting HTTP/2 GET https://localhost:7265/_framework/aspnetcore-browser-refresh.js - null null
2025-03-13 11:42:37.155 +05:30 [INF] Request finished HTTP/2 GET https://localhost:7265/_framework/aspnetcore-browser-refresh.js - 200 13766 application/javascript; charset=utf-8 16.2859ms
2025-03-13 11:42:37.191 +05:30 [INF] Request finished HTTP/2 GET https://localhost:7265/_vs/browserLink - 200 null text/javascript; charset=UTF-8 52.489ms
2025-03-13 11:42:37.322 +05:30 [INF] Request starting HTTP/2 GET https://localhost:7265/swagger/v1/swagger.json - null null
2025-03-13 11:42:37.416 +05:30 [INF] Request finished HTTP/2 GET https://localhost:7265/swagger/v1/swagger.json - 200 null application/json;charset=utf-8 95.6495ms
2025-03-13 15:19:31.258 +05:30 [INF] Now listening on: https://localhost:7265
2025-03-13 15:19:31.308 +05:30 [INF] Now listening on: http://localhost:5149
2025-03-13 15:19:31.427 +05:30 [INF] Application started. Press Ctrl+C to shut down.
2025-03-13 15:19:31.430 +05:30 [INF] Hosting environment: Development
2025-03-13 15:19:31.432 +05:30 [INF] Content root path: C:\Tejashri\Sprint\CropDeal\CropDealBackend\CropDealBackend
2025-03-13 15:19:33.147 +05:30 [INF] Request starting HTTP/2 GET https://localhost:7265/swagger/index.html - null null
2025-03-13 15:19:33.575 +05:30 [INF] Request finished HTTP/2 GET https://localhost:7265/swagger/index.html - 200 null text/html;charset=utf-8 437.1412ms
2025-03-13 15:19:33.588 +05:30 [INF] Request starting HTTP/2 GET https://localhost:7265/_framework/aspnetcore-browser-refresh.js - null null
2025-03-13 15:19:33.588 +05:30 [INF] Request starting HTTP/2 GET https://localhost:7265/_vs/browserLink - null null
2025-03-13 15:19:33.603 +05:30 [INF] Request finished HTTP/2 GET https://localhost:7265/_framework/aspnetcore-browser-refresh.js - 200 13766 application/javascript; charset=utf-8 15.0549ms
2025-03-13 15:19:33.685 +05:30 [INF] Request finished HTTP/2 GET https://localhost:7265/_vs/browserLink - 200 null text/javascript; charset=UTF-8 97.3623ms
2025-03-13 15:19:33.749 +05:30 [INF] Request starting HTTP/2 GET https://localhost:7265/swagger/v1/swagger.json - null null
2025-03-13 15:19:33.941 +05:30 [INF] Request finished HTTP/2 GET https://localhost:7265/swagger/v1/swagger.json - 200 null application/json;charset=utf-8 191.8925ms
2025-03-13 15:20:56.448 +05:30 [INF] Now listening on: https://localhost:7265
2025-03-13 15:20:56.490 +05:30 [INF] Now listening on: http://localhost:5149
2025-03-13 15:20:56.627 +05:30 [INF] Application started. Press Ctrl+C to shut down.
2025-03-13 15:20:56.630 +05:30 [INF] Hosting environment: Development
2025-03-13 15:20:56.631 +05:30 [INF] Content root path: C:\Tejashri\Sprint\CropDeal\CropDealBackend\CropDealBackend
2025-03-13 15:20:57.007 +05:30 [INF] Request starting HTTP/2 GET https://localhost:7265/swagger/index.html - null null
2025-03-13 15:20:57.446 +05:30 [INF] Request finished HTTP/2 GET https://localhost:7265/swagger/index.html - 200 null text/html;charset=utf-8 451.4743ms
2025-03-13 15:20:57.483 +05:30 [INF] Request starting HTTP/2 GET https://localhost:7265/_vs/browserLink - null null
2025-03-13 15:20:57.483 +05:30 [INF] Request starting HTTP/2 GET https://localhost:7265/_framework/aspnetcore-browser-refresh.js - null null
2025-03-13 15:20:57.508 +05:30 [INF] Request finished HTTP/2 GET https://localhost:7265/_framework/aspnetcore-browser-refresh.js - 200 13766 application/javascript; charset=utf-8 26.5713ms
2025-03-13 15:20:57.568 +05:30 [INF] Request finished HTTP/2 GET https://localhost:7265/_vs/browserLink - 200 null text/javascript; charset=UTF-8 85.3564ms
2025-03-13 15:20:57.621 +05:30 [INF] Request starting HTTP/2 GET https://localhost:7265/swagger/v1/swagger.json - null null
2025-03-13 15:20:57.724 +05:30 [INF] Request finished HTTP/2 GET https://localhost:7265/swagger/v1/swagger.json - 200 null application/json;charset=utf-8 103.5133ms
2025-03-13 15:21:47.655 +05:30 [INF] Request starting HTTP/2 GET https://localhost:7265/api/UserDetail - null null
2025-03-13 15:21:47.684 +05:30 [INF] Executing endpoint 'CropDealBackend.Controllers.UserDetailController.GetAllUsers (CropDealBackend)'
2025-03-13 15:21:47.703 +05:30 [INF] Route matched with {action = "GetAllUsers", controller = "UserDetail"}. Executing controller action with signature System.Threading.Tasks.Task`1[Microsoft.AspNetCore.Mvc.ActionResult`1[System.Collections.Generic.IEnumerable`1[CropDealBackend.Models.UserDetail]]] GetAllUsers() on controller CropDealBackend.Controllers.UserDetailController (CropDealBackend).
2025-03-13 15:21:50.499 +05:30 [INF] Executed DbCommand (45ms) [Parameters=[], CommandType='"Text"', CommandTimeout='30']
SELECT [u].[ID], [u].[Address], [u].[createdAt], [u].[EmailId], [u].[isActive], [u].[LoginId], [u].[Name], [u].[Password], [u].[PhoneNumber], [u].[Role], [u].[updatedAt]
FROM [UserDetails] AS [u]
2025-03-13 15:21:50.607 +05:30 [INF] Executing OkObjectResult, writing value of type 'System.Collections.Generic.List`1[[CropDealBackend.Models.UserDetail, CropDealBackend, Version=1.0.0.0, Culture=neutral, PublicKeyToken=null]]'.
2025-03-13 15:21:50.653 +05:30 [INF] Executed action CropDealBackend.Controllers.UserDetailController.GetAllUsers (CropDealBackend) in 2945.882ms
2025-03-13 15:21:50.659 +05:30 [INF] Executed endpoint 'CropDealBackend.Controllers.UserDetailController.GetAllUsers (CropDealBackend)'
2025-03-13 15:21:50.668 +05:30 [INF] Request finished HTTP/2 GET https://localhost:7265/api/UserDetail - 200 null application/json; charset=utf-8 3013.055ms
2025-03-13 15:41:44.523 +05:30 [INF] Now listening on: https://localhost:7265
2025-03-13 15:41:44.562 +05:30 [INF] Now listening on: http://localhost:5149
2025-03-13 15:41:44.647 +05:30 [INF] Application started. Press Ctrl+C to shut down.
2025-03-13 15:41:44.648 +05:30 [INF] Hosting environment: Development
2025-03-13 15:41:44.649 +05:30 [INF] Content root path: C:\Tejashri\Sprint\CropDeal\CropDealBackend\CropDealBackend
2025-03-13 15:41:45.814 +05:30 [INF] Request starting HTTP/2 GET https://localhost:7265/swagger/index.html - null null
2025-03-13 15:41:46.109 +05:30 [INF] Request finished HTTP/2 GET https://localhost:7265/swagger/index.html - 200 null text/html;charset=utf-8 302.8293ms
2025-03-13 15:41:46.135 +05:30 [INF] Request starting HTTP/2 GET https://localhost:7265/_vs/browserLink - null null
2025-03-13 15:41:46.135 +05:30 [INF] Request starting HTTP/2 GET https://localhost:7265/_framework/aspnetcore-browser-refresh.js - null null
2025-03-13 15:41:46.158 +05:30 [INF] Request finished HTTP/2 GET https://localhost:7265/_framework/aspnetcore-browser-refresh.js - 200 13766 application/javascript; charset=utf-8 23.5911ms
2025-03-13 15:41:46.188 +05:30 [INF] Request finished HTTP/2 GET https://localhost:7265/_vs/browserLink - 200 null text/javascript; charset=UTF-8 53.8635ms
2025-03-13 15:41:46.240 +05:30 [INF] Request starting HTTP/2 GET https://localhost:7265/swagger/v1/swagger.json - null null
2025-03-13 15:41:46.323 +05:30 [INF] Request finished HTTP/2 GET https://localhost:7265/swagger/v1/swagger.json - 200 null application/json;charset=utf-8 82.9368ms
2025-03-13 15:43:12.682 +05:30 [INF] Now listening on: https://localhost:7265
2025-03-13 15:43:12.742 +05:30 [INF] Now listening on: http://localhost:5149
2025-03-13 15:43:12.834 +05:30 [INF] Application started. Press Ctrl+C to shut down.
2025-03-13 15:43:12.837 +05:30 [INF] Hosting environment: Development
2025-03-13 15:43:12.838 +05:30 [INF] Content root path: C:\Tejashri\Sprint\CropDeal\CropDealBackend\CropDealBackend
2025-03-13 15:43:13.960 +05:30 [INF] Request starting HTTP/2 GET https://localhost:7265/swagger/index.html - null null
2025-03-13 15:43:14.195 +05:30 [INF] Request finished HTTP/2 GET https://localhost:7265/swagger/index.html - 200 null text/html;charset=utf-8 243.8504ms
2025-03-13 15:43:14.209 +05:30 [INF] Request starting HTTP/2 GET https://localhost:7265/_framework/aspnetcore-browser-refresh.js - null null
2025-03-13 15:43:14.210 +05:30 [INF] Request starting HTTP/2 GET https://localhost:7265/_vs/browserLink - null null
2025-03-13 15:43:14.224 +05:30 [INF] Request finished HTTP/2 GET https://localhost:7265/_framework/aspnetcore-browser-refresh.js - 200 13766 application/javascript; charset=utf-8 15.543ms
2025-03-13 15:43:14.282 +05:30 [INF] Request finished HTTP/2 GET https://localhost:7265/_vs/browserLink - 200 null text/javascript; charset=UTF-8 73.1326ms
2025-03-13 15:43:14.320 +05:30 [INF] Request starting HTTP/2 GET https://localhost:7265/swagger/v1/swagger.json - null null
2025-03-13 15:43:14.421 +05:30 [INF] Request finished HTTP/2 GET https://localhost:7265/swagger/v1/swagger.json - 200 null application/json;charset=utf-8 101.8312ms
2025-03-13 16:29:11.775 +05:30 [INF] Now listening on: https://localhost:7265
2025-03-13 16:29:11.838 +05:30 [INF] Now listening on: http://localhost:5149
2025-03-13 16:29:11.955 +05:30 [INF] Application started. Press Ctrl+C to shut down.
2025-03-13 16:29:11.958 +05:30 [INF] Hosting environment: Development
2025-03-13 16:29:11.963 +05:30 [INF] Content root path: C:\Tejashri\Sprint\CropDeal\CropDealBackend\CropDealBackend
2025-03-13 16:29:12.842 +05:30 [INF] Request starting HTTP/2 GET https://localhost:7265/swagger/index.html - null null
2025-03-13 16:29:13.130 +05:30 [INF] Request finished HTTP/2 GET https://localhost:7265/swagger/index.html - 200 null text/html;charset=utf-8 295.9184ms
2025-03-13 16:29:13.147 +05:30 [INF] Request starting HTTP/2 GET https://localhost:7265/_framework/aspnetcore-browser-refresh.js - null null
2025-03-13 16:29:13.148 +05:30 [INF] Request starting HTTP/2 GET https://localhost:7265/_vs/browserLink - null null
2025-03-13 16:29:13.196 +05:30 [INF] Request finished HTTP/2 GET https://localhost:7265/_framework/aspnetcore-browser-refresh.js - 200 13766 application/javascript; charset=utf-8 48.8866ms
2025-03-13 16:29:13.255 +05:30 [INF] Request finished HTTP/2 GET https://localhost:7265/_vs/browserLink - 200 null text/javascript; charset=UTF-8 107.3161ms
2025-03-13 16:29:13.308 +05:30 [INF] Request starting HTTP/2 GET https://localhost:7265/swagger/v1/swagger.json - null null
2025-03-13 16:29:13.440 +05:30 [INF] Request finished HTTP/2 GET https://localhost:7265/swagger/v1/swagger.json - 200 null application/json;charset=utf-8 131.951ms
2025-03-13 16:35:57.277 +05:30 [INF] Now listening on: https://localhost:7265
2025-03-13 16:35:57.498 +05:30 [INF] Now listening on: http://localhost:5149
2025-03-13 16:35:57.779 +05:30 [INF] Application started. Press Ctrl+C to shut down.
2025-03-13 16:35:57.782 +05:30 [INF] Hosting environment: Development
2025-03-13 16:35:57.784 +05:30 [INF] Content root path: C:\Tejashri\Sprint\CropDeal\CropDealBackend\CropDealBackend
2025-03-13 16:35:59.294 +05:30 [INF] Request starting HTTP/2 GET https://localhost:7265/swagger/index.html - null null
2025-03-13 16:35:59.589 +05:30 [INF] Request finished HTTP/2 GET https://localhost:7265/swagger/index.html - 200 null text/html;charset=utf-8 307.7354ms
2025-03-13 16:35:59.620 +05:30 [INF] Request starting HTTP/2 GET https://localhost:7265/_framework/aspnetcore-browser-refresh.js - null null
2025-03-13 16:35:59.620 +05:30 [INF] Request starting HTTP/2 GET https://localhost:7265/_vs/browserLink - null null
2025-03-13 16:35:59.634 +05:30 [INF] Request finished HTTP/2 GET https://localhost:7265/_framework/aspnetcore-browser-refresh.js - 200 13766 application/javascript; charset=utf-8 14.7398ms
2025-03-13 16:35:59.725 +05:30 [INF] Request finished HTTP/2 GET https://localhost:7265/_vs/browserLink - 200 null text/javascript; charset=UTF-8 105.1692ms
2025-03-13 16:35:59.796 +05:30 [INF] Request starting HTTP/2 GET https://localhost:7265/swagger/v1/swagger.json - null null
2025-03-13 16:35:59.972 +05:30 [INF] Request finished HTTP/2 GET https://localhost:7265/swagger/v1/swagger.json - 200 null application/json;charset=utf-8 178.4953ms
2025-03-13 16:38:02.022 +05:30 [INF] Now listening on: https://localhost:7265
2025-03-13 16:38:02.060 +05:30 [INF] Now listening on: http://localhost:5149
2025-03-13 16:38:02.180 +05:30 [INF] Application started. Press Ctrl+C to shut down.
2025-03-13 16:38:02.185 +05:30 [INF] Hosting environment: Development
2025-03-13 16:38:02.191 +05:30 [INF] Content root path: C:\Tejashri\Sprint\CropDeal\CropDealBackend\CropDealBackend
2025-03-13 16:38:03.485 +05:30 [INF] Request starting HTTP/2 GET https://localhost:7265/swagger/index.html - null null
2025-03-13 16:38:03.891 +05:30 [INF] Request finished HTTP/2 GET https://localhost:7265/swagger/index.html - 200 null text/html;charset=utf-8 417.3144ms
2025-03-13 16:38:03.902 +05:30 [INF] Request starting HTTP/2 GET https://localhost:7265/_vs/browserLink - null null
2025-03-13 16:38:03.902 +05:30 [INF] Request starting HTTP/2 GET https://localhost:7265/_framework/aspnetcore-browser-refresh.js - null null
2025-03-13 16:38:03.920 +05:30 [INF] Request finished HTTP/2 GET https://localhost:7265/_framework/aspnetcore-browser-refresh.js - 200 13766 application/javascript; charset=utf-8 17.4585ms
2025-03-13 16:38:03.983 +05:30 [INF] Request finished HTTP/2 GET https://localhost:7265/_vs/browserLink - 200 null text/javascript; charset=UTF-8 81.6929ms
2025-03-13 16:38:04.062 +05:30 [INF] Request starting HTTP/2 GET https://localhost:7265/swagger/v1/swagger.json - null null
2025-03-13 16:38:04.167 +05:30 [INF] Request finished HTTP/2 GET https://localhost:7265/swagger/v1/swagger.json - 200 null application/json;charset=utf-8 106.8951ms
2025-03-13 16:38:43.664 +05:30 [INF] Now listening on: https://localhost:7265
2025-03-13 16:38:43.705 +05:30 [INF] Now listening on: http://localhost:5149
2025-03-13 16:38:43.820 +05:30 [INF] Application started. Press Ctrl+C to shut down.
2025-03-13 16:38:43.823 +05:30 [INF] Hosting environment: Development
2025-03-13 16:38:43.826 +05:30 [INF] Content root path: C:\Tejashri\Sprint\CropDeal\CropDealBackend\CropDealBackend
2025-03-13 16:38:45.127 +05:30 [INF] Request starting HTTP/2 GET https://localhost:7265/swagger/index.html - null null
2025-03-13 16:38:45.593 +05:30 [INF] Request finished HTTP/2 GET https://localhost:7265/swagger/index.html - 200 null text/html;charset=utf-8 480.0917ms
2025-03-13 16:38:45.693 +05:30 [INF] Request starting HTTP/2 GET https://localhost:7265/_framework/aspnetcore-browser-refresh.js - null null
2025-03-13 16:38:45.743 +05:30 [INF] Request finished HTTP/2 GET https://localhost:7265/_framework/aspnetcore-browser-refresh.js - 200 13766 application/javascript; charset=utf-8 50.2007ms
2025-03-13 16:38:45.778 +05:30 [INF] Request starting HTTP/2 GET https://localhost:7265/_vs/browserLink - null null
2025-03-13 16:38:45.854 +05:30 [INF] Request finished HTTP/2 GET https://localhost:7265/_vs/browserLink - 200 null text/javascript; charset=UTF-8 75.5792ms
2025-03-13 16:38:46.046 +05:30 [INF] Request starting HTTP/2 GET https://localhost:7265/swagger/v1/swagger.json - null null
2025-03-13 16:38:46.182 +05:30 [INF] Request finished HTTP/2 GET https://localhost:7265/swagger/v1/swagger.json - 200 null application/json;charset=utf-8 136.0048ms
2025-03-13 16:40:30.046 +05:30 [INF] Request starting HTTP/2 GET https://localhost:7265/swagger/index.html - null null
2025-03-13 16:40:30.151 +05:30 [INF] Request finished HTTP/2 GET https://localhost:7265/swagger/index.html - 200 null text/html;charset=utf-8 107.2712ms
2025-03-13 16:40:30.186 +05:30 [INF] Request starting HTTP/2 GET https://localhost:7265/_framework/aspnetcore-browser-refresh.js - null null
2025-03-13 16:40:30.187 +05:30 [INF] Request starting HTTP/2 GET https://localhost:7265/_vs/browserLink - null null
2025-03-13 16:40:30.192 +05:30 [INF] Request finished HTTP/2 GET https://localhost:7265/_framework/aspnetcore-browser-refresh.js - 200 13766 application/javascript; charset=utf-8 6.2732ms
2025-03-13 16:40:30.237 +05:30 [INF] Request finished HTTP/2 GET https://localhost:7265/_vs/browserLink - 200 null text/javascript; charset=UTF-8 50.2863ms
2025-03-13 16:40:30.338 +05:30 [INF] Request starting HTTP/2 GET https://localhost:7265/swagger/v1/swagger.json - null null
2025-03-13 16:40:30.418 +05:30 [INF] Request finished HTTP/2 GET https://localhost:7265/swagger/v1/swagger.json - 200 null application/json;charset=utf-8 81.092ms
2025-03-13 16:43:09.725 +05:30 [INF] Now listening on: https://localhost:7265
2025-03-13 16:43:09.775 +05:30 [INF] Now listening on: http://localhost:5149
2025-03-13 16:43:09.866 +05:30 [INF] Application started. Press Ctrl+C to shut down.
2025-03-13 16:43:09.868 +05:30 [INF] Hosting environment: Development
2025-03-13 16:43:09.869 +05:30 [INF] Content root path: C:\Tejashri\Sprint\CropDeal\CropDealBackend\CropDealBackend
2025-03-13 16:43:11.173 +05:30 [INF] Request starting HTTP/2 GET https://localhost:7265/swagger/index.html - null null
2025-03-13 16:43:11.864 +05:30 [INF] Request finished HTTP/2 GET https://localhost:7265/swagger/index.html - 200 null text/html;charset=utf-8 705.3964ms
2025-03-13 16:43:11.915 +05:30 [INF] Request starting HTTP/2 GET https://localhost:7265/_framework/aspnetcore-browser-refresh.js - null null
2025-03-13 16:43:11.926 +05:30 [INF] Request starting HTTP/2 GET https://localhost:7265/_vs/browserLink - null null
2025-03-13 16:43:11.929 +05:30 [INF] Request finished HTTP/2 GET https://localhost:7265/_framework/aspnetcore-browser-refresh.js - 200 13766 application/javascript; charset=utf-8 13.984ms
2025-03-13 16:43:11.991 +05:30 [INF] Request finished HTTP/2 GET https://localhost:7265/_vs/browserLink - 200 null text/javascript; charset=UTF-8 64.6129ms
2025-03-13 16:43:12.118 +05:30 [INF] Request starting HTTP/2 GET https://localhost:7265/swagger/v1/swagger.json - null null
2025-03-13 16:43:12.233 +05:30 [INF] Request finished HTTP/2 GET https://localhost:7265/swagger/v1/swagger.json - 200 null application/json;charset=utf-8 115.8926ms
2025-03-13 16:47:11.054 +05:30 [INF] Now listening on: https://localhost:7265
2025-03-13 16:47:11.103 +05:30 [INF] Now listening on: http://localhost:5149
2025-03-13 16:47:11.216 +05:30 [INF] Application started. Press Ctrl+C to shut down.
2025-03-13 16:47:11.220 +05:30 [INF] Hosting environment: Development
2025-03-13 16:47:11.223 +05:30 [INF] Content root path: C:\Tejashri\Sprint\CropDeal\CropDealBackend\CropDealBackend
2025-03-13 16:48:27.641 +05:30 [INF] Now listening on: https://localhost:7265
2025-03-13 16:48:27.689 +05:30 [INF] Now listening on: http://localhost:5149
2025-03-13 16:48:27.802 +05:30 [INF] Application started. Press Ctrl+C to shut down.
2025-03-13 16:48:27.804 +05:30 [INF] Hosting environment: Development
2025-03-13 16:48:27.806 +05:30 [INF] Content root path: C:\Tejashri\Sprint\CropDeal\CropDealBackend\CropDealBackend
2025-03-13 16:52:25.300 +05:30 [INF] Now listening on: https://localhost:7265
2025-03-13 16:52:25.335 +05:30 [INF] Now listening on: http://localhost:5149
2025-03-13 16:52:25.429 +05:30 [INF] Application started. Press Ctrl+C to shut down.
2025-03-13 16:52:25.432 +05:30 [INF] Hosting environment: Development
2025-03-13 16:52:25.434 +05:30 [INF] Content root path: C:\Tejashri\Sprint\CropDeal\CropDealBackend\CropDealBackend
2025-03-13 16:52:26.625 +05:30 [INF] Request starting HTTP/2 GET https://localhost:7265/swagger/index.html - null null
2025-03-13 16:52:27.220 +05:30 [INF] Request finished HTTP/2 GET https://localhost:7265/swagger/index.html - 200 null text/html;charset=utf-8 607.4263ms
2025-03-13 16:52:27.245 +05:30 [INF] Request starting HTTP/2 GET https://localhost:7265/_vs/browserLink - null null
2025-03-13 16:52:27.245 +05:30 [INF] Request starting HTTP/2 GET https://localhost:7265/_framework/aspnetcore-browser-refresh.js - null null
2025-03-13 16:52:27.265 +05:30 [INF] Request finished HTTP/2 GET https://localhost:7265/_framework/aspnetcore-browser-refresh.js - 200 13766 application/javascript; charset=utf-8 18.2216ms
2025-03-13 16:52:27.314 +05:30 [INF] Request finished HTTP/2 GET https://localhost:7265/_vs/browserLink - 200 null text/javascript; charset=UTF-8 69.2786ms
2025-03-13 16:52:27.383 +05:30 [INF] Request starting HTTP/2 GET https://localhost:7265/swagger/v1/swagger.json - null null
2025-03-13 16:52:27.515 +05:30 [INF] Request finished HTTP/2 GET https://localhost:7265/swagger/v1/swagger.json - 200 null application/json;charset=utf-8 132.1587ms
2025-03-13 17:23:44.175 +05:30 [INF] Now listening on: https://localhost:7265
2025-03-13 17:23:44.219 +05:30 [INF] Now listening on: http://localhost:5149
2025-03-13 17:23:44.343 +05:30 [INF] Application started. Press Ctrl+C to shut down.
2025-03-13 17:23:44.345 +05:30 [INF] Hosting environment: Development
2025-03-13 17:23:44.347 +05:30 [INF] Content root path: C:\Tejashri\Sprint\CropDeal\CropDealBackend\CropDealBackend
2025-03-13 17:23:46.330 +05:30 [INF] Request starting HTTP/2 GET https://localhost:7265/swagger/index.html - null null
2025-03-13 17:23:46.701 +05:30 [INF] Request finished HTTP/2 GET https://localhost:7265/swagger/index.html - 200 null text/html;charset=utf-8 389.2592ms
2025-03-13 17:23:46.729 +05:30 [INF] Request starting HTTP/2 GET https://localhost:7265/_framework/aspnetcore-browser-refresh.js - null null
2025-03-13 17:23:46.745 +05:30 [INF] Request finished HTTP/2 GET https://localhost:7265/_framework/aspnetcore-browser-refresh.js - 200 13766 application/javascript; charset=utf-8 16.1224ms
2025-03-13 17:23:46.759 +05:30 [INF] Request starting HTTP/2 GET https://localhost:7265/_vs/browserLink - null null
2025-03-13 17:23:46.821 +05:30 [INF] Request finished HTTP/2 GET https://localhost:7265/_vs/browserLink - 200 null text/javascript; charset=UTF-8 63.1693ms
2025-03-13 17:23:46.965 +05:30 [INF] Request starting HTTP/2 GET https://localhost:7265/swagger/v1/swagger.json - null null
2025-03-13 17:23:47.077 +05:30 [INF] Request finished HTTP/2 GET https://localhost:7265/swagger/v1/swagger.json - 200 null application/json;charset=utf-8 111.9253ms
